<?xml version="1.0" encoding="UTF-8"?>
<Site BuildName="Linux-clang++"
	BuildStamp="20230118-1523-Experimental"
	Name="liseu-VirtualBox"
	Generator="ctest-3.22.1"
	CompilerName="/usr/bin/clang++"
	CompilerVersion="14.0.0"
	OSName="Linux"
	Hostname="liseu-VirtualBox"
	OSRelease="5.15.0-58-generic"
	OSVersion="#64-Ubuntu SMP Thu Jan 5 11:43:13 UTC 2023"
	OSPlatform="x86_64"
	Is64Bits="1"
	VendorString="AuthenticAMD"
	VendorID="Advanced Micro Devices"
	FamilyID="23"
	ModelID="113"
	ProcessorCacheSize="512"
	NumberOfLogicalCPU="4"
	NumberOfPhysicalCPU="4"
	TotalVirtualMemory="2679"
	TotalPhysicalMemory="7759"
	LogicalProcessorsPerPhysical="1"
	ProcessorClockFrequency="3593.25"
	>
	<Testing>
		<StartDateTime>Jan 18 16:23 CET</StartDateTime>
		<StartTestTime>1674055404</StartTestTime>
		<TestList/>
		<EndDateTime>Jan 18 16:23 CET</EndDateTime>
		<EndTestTime>1674055404</EndTestTime>
		<ElapsedMinutes>0</ElapsedMinutes>
	</Testing>
</Site>
